2021-04-13T23:33:10+00:00 CRITICAL Uncaught Error: Call to undefined function the_field() in /var/www/html/desafio-ecommerce/wp-content/themes/d_ecommerce/index.php:332
Stack trace:
#0 /var/www/html/desafio-ecommerce/wp-includes/template-loader.php(106): include()
#1 /var/www/html/desafio-ecommerce/wp-blog-header.php(19): require_once('/var/www/html/d...')
#2 /var/www/html/desafio-ecommerce/index.php(17): require('/var/www/html/d...')
#3 {main}
  thrown in /var/www/html/desafio-ecommerce/wp-content/themes/d_ecommerce/index.php on line 332

2021-04-13T23:33:11+00:00 CRITICAL Uncaught Error: Call to undefined function the_field() in /var/www/html/desafio-ecommerce/wp-content/themes/d_ecommerce/index.php:332
Stack trace:
#0 /var/www/html/desafio-ecommerce/wp-includes/template-loader.php(106): include()
#1 /var/www/html/desafio-ecommerce/wp-blog-header.php(19): require_once('/var/www/html/d...')
#2 /var/www/html/desafio-ecommerce/index.php(17): require('/var/www/html/d...')
#3 {main}
  thrown in /var/www/html/desafio-ecommerce/wp-content/themes/d_ecommerce/index.php on line 332

2021-04-13T23:34:11+00:00 CRITICAL Uncaught Error: Call to undefined function the_field() in /var/www/html/desafio-ecommerce/wp-content/themes/d_ecommerce/index.php:332
Stack trace:
#0 /var/www/html/desafio-ecommerce/wp-includes/template-loader.php(106): include()
#1 /var/www/html/desafio-ecommerce/wp-blog-header.php(19): require_once('/var/www/html/d...')
#2 /var/www/html/desafio-ecommerce/index.php(17): require('/var/www/html/d...')
#3 {main}
  thrown in /var/www/html/desafio-ecommerce/wp-content/themes/d_ecommerce/index.php on line 332

2021-04-13T23:34:11+00:00 CRITICAL Uncaught Error: Call to undefined function the_field() in /var/www/html/desafio-ecommerce/wp-content/themes/d_ecommerce/index.php:332
Stack trace:
#0 /var/www/html/desafio-ecommerce/wp-includes/template-loader.php(106): include()
#1 /var/www/html/desafio-ecommerce/wp-blog-header.php(19): require_once('/var/www/html/d...')
#2 /var/www/html/desafio-ecommerce/index.php(17): require('/var/www/html/d...')
#3 {main}
  thrown in /var/www/html/desafio-ecommerce/wp-content/themes/d_ecommerce/index.php on line 332

2021-04-13T23:34:31+00:00 CRITICAL Uncaught Error: Call to undefined function the_field() in /var/www/html/desafio-ecommerce/wp-content/themes/d_ecommerce/index.php:332
Stack trace:
#0 /var/www/html/desafio-ecommerce/wp-includes/template-loader.php(106): include()
#1 /var/www/html/desafio-ecommerce/wp-blog-header.php(19): require_once('/var/www/html/d...')
#2 /var/www/html/desafio-ecommerce/index.php(17): require('/var/www/html/d...')
#3 {main}
  thrown in /var/www/html/desafio-ecommerce/wp-content/themes/d_ecommerce/index.php on line 332

2021-04-13T23:34:32+00:00 CRITICAL Uncaught Error: Call to undefined function the_field() in /var/www/html/desafio-ecommerce/wp-content/themes/d_ecommerce/index.php:332
Stack trace:
#0 /var/www/html/desafio-ecommerce/wp-includes/template-loader.php(106): include()
#1 /var/www/html/desafio-ecommerce/wp-blog-header.php(19): require_once('/var/www/html/d...')
#2 /var/www/html/desafio-ecommerce/index.php(17): require('/var/www/html/d...')
#3 {main}
  thrown in /var/www/html/desafio-ecommerce/wp-content/themes/d_ecommerce/index.php on line 332

2021-04-13T23:34:45+00:00 CRITICAL Uncaught Error: Call to undefined function the_field() in /var/www/html/desafio-ecommerce/wp-content/themes/d_ecommerce/singular.php:76
Stack trace:
#0 /var/www/html/desafio-ecommerce/wp-includes/template-loader.php(106): include()
#1 /var/www/html/desafio-ecommerce/wp-blog-header.php(19): require_once('/var/www/html/d...')
#2 /var/www/html/desafio-ecommerce/index.php(17): require('/var/www/html/d...')
#3 {main}
  thrown in /var/www/html/desafio-ecommerce/wp-content/themes/d_ecommerce/singular.php on line 76

2021-04-13T23:34:45+00:00 CRITICAL Uncaught Error: Call to undefined function the_field() in /var/www/html/desafio-ecommerce/wp-content/themes/d_ecommerce/singular.php:76
Stack trace:
#0 /var/www/html/desafio-ecommerce/wp-includes/template-loader.php(106): include()
#1 /var/www/html/desafio-ecommerce/wp-blog-header.php(19): require_once('/var/www/html/d...')
#2 /var/www/html/desafio-ecommerce/index.php(17): require('/var/www/html/d...')
#3 {main}
  thrown in /var/www/html/desafio-ecommerce/wp-content/themes/d_ecommerce/singular.php on line 76

2021-04-13T23:35:16+00:00 CRITICAL Uncaught Error: Call to undefined function the_field() in /var/www/html/desafio-ecommerce/wp-content/themes/d_ecommerce/index.php:332
Stack trace:
#0 /var/www/html/desafio-ecommerce/wp-includes/template-loader.php(106): include()
#1 /var/www/html/desafio-ecommerce/wp-blog-header.php(19): require_once('/var/www/html/d...')
#2 /var/www/html/desafio-ecommerce/index.php(17): require('/var/www/html/d...')
#3 {main}
  thrown in /var/www/html/desafio-ecommerce/wp-content/themes/d_ecommerce/index.php on line 332

2021-04-13T23:35:16+00:00 CRITICAL Uncaught Error: Call to undefined function the_field() in /var/www/html/desafio-ecommerce/wp-content/themes/d_ecommerce/index.php:332
Stack trace:
#0 /var/www/html/desafio-ecommerce/wp-includes/template-loader.php(106): include()
#1 /var/www/html/desafio-ecommerce/wp-blog-header.php(19): require_once('/var/www/html/d...')
#2 /var/www/html/desafio-ecommerce/index.php(17): require('/var/www/html/d...')
#3 {main}
  thrown in /var/www/html/desafio-ecommerce/wp-content/themes/d_ecommerce/index.php on line 332

2021-04-13T23:46:21+00:00 CRITICAL Uncaught Error: Call to undefined function the_field() in /var/www/html/desafio-ecommerce/wp-content/themes/d_ecommerce/index.php:332
Stack trace:
#0 /var/www/html/desafio-ecommerce/wp-includes/template-loader.php(106): include()
#1 /var/www/html/desafio-ecommerce/wp-blog-header.php(19): require_once('/var/www/html/d...')
#2 /var/www/html/desafio-ecommerce/index.php(17): require('/var/www/html/d...')
#3 {main}
  thrown in /var/www/html/desafio-ecommerce/wp-content/themes/d_ecommerce/index.php on line 332

2021-04-13T23:46:21+00:00 CRITICAL Uncaught Error: Call to undefined function the_field() in /var/www/html/desafio-ecommerce/wp-content/themes/d_ecommerce/index.php:332
Stack trace:
#0 /var/www/html/desafio-ecommerce/wp-includes/template-loader.php(106): include()
#1 /var/www/html/desafio-ecommerce/wp-blog-header.php(19): require_once('/var/www/html/d...')
#2 /var/www/html/desafio-ecommerce/index.php(17): require('/var/www/html/d...')
#3 {main}
  thrown in /var/www/html/desafio-ecommerce/wp-content/themes/d_ecommerce/index.php on line 332

