2021-04-16T01:26:34+00:00 CRITICAL Uncaught Error: Call to a member function get_permalink() on null in /var/www/html/desafio-ecommerce/wp-content/themes/zigcy-lite/index.php:31
Stack trace:
#0 /var/www/html/desafio-ecommerce/wp-includes/template-loader.php(106): include()
#1 /var/www/html/desafio-ecommerce/wp-blog-header.php(19): require_once('/var/www/html/d...')
#2 /var/www/html/desafio-ecommerce/index.php(17): require('/var/www/html/d...')
#3 {main}
  thrown in /var/www/html/desafio-ecommerce/wp-content/themes/zigcy-lite/index.php on line 31

2021-04-16T01:36:14+00:00 CRITICAL Uncaught Error: Call to a member function get_permalink() on null in /var/www/html/desafio-ecommerce/wp-content/themes/zigcy-lite/index.php:31
Stack trace:
#0 /var/www/html/desafio-ecommerce/wp-includes/template-loader.php(106): include()
#1 /var/www/html/desafio-ecommerce/wp-blog-header.php(19): require_once('/var/www/html/d...')
#2 /var/www/html/desafio-ecommerce/index.php(17): require('/var/www/html/d...')
#3 {main}
  thrown in /var/www/html/desafio-ecommerce/wp-content/themes/zigcy-lite/index.php on line 31

2021-04-16T01:36:16+00:00 CRITICAL Uncaught Error: Call to a member function get_permalink() on null in /var/www/html/desafio-ecommerce/wp-content/themes/zigcy-lite/index.php:31
Stack trace:
#0 /var/www/html/desafio-ecommerce/wp-includes/template-loader.php(106): include()
#1 /var/www/html/desafio-ecommerce/wp-blog-header.php(19): require_once('/var/www/html/d...')
#2 /var/www/html/desafio-ecommerce/index.php(17): require('/var/www/html/d...')
#3 {main}
  thrown in /var/www/html/desafio-ecommerce/wp-content/themes/zigcy-lite/index.php on line 31

2021-04-16T01:40:29+00:00 CRITICAL Uncaught Error: Call to undefined function zigcy_lite_product_search() in /var/www/html/desafio-ecommerce/wp-content/themes/zigcy-lite/template-parts/header-layouts/header-layout1.php:18
Stack trace:
#0 /var/www/html/desafio-ecommerce/wp-includes/template.php(732): require()
#1 /var/www/html/desafio-ecommerce/wp-includes/template.php(676): load_template()
#2 /var/www/html/desafio-ecommerce/wp-includes/general-template.php(204): locate_template()
#3 /var/www/html/desafio-ecommerce/wp-content/themes/zigcy-lite/header.php(39): get_template_part()
#4 /var/www/html/desafio-ecommerce/wp-includes/template.php(730): require_once('/var/www/html/d...')
#5 /var/www/html/desafio-ecommerce/wp-includes/template.php(676): load_template()
#6 /var/www/html/desafio-ecommerce/wp-includes/general-template.php(48): locate_template()
#7 /var/www/html/desafio-ecommerce/wp-content/themes/zigcy-lite/page.php(15): get_header()
#8 /var/www/html/desafio-ecommerce/wp-includes/template-loader.php(106): include('/var/www/html/d...')
#9 /va in /var/www/html/desafio-ecommerce/wp-content/themes/zigcy-lite/template-parts/header-layouts/header-layout1.php on line 18

2021-04-16T03:15:32+00:00 CRITICAL require(): Failed opening required '/var/www/html/desafio-ecommerce/wp-content/themes/d_ecommerce/inc/init.php' (include_path='.:/usr/share/php') in /var/www/html/desafio-ecommerce/wp-content/themes/d_ecommerce/functions.php on line 231

2021-04-16T03:15:51+00:00 CRITICAL require(): Failed opening required '/var/www/html/desafio-ecommerce/wp-content/themes/d_ecommerce/inc/init.php' (include_path='.:/usr/share/php') in /var/www/html/desafio-ecommerce/wp-content/themes/d_ecommerce/functions.php on line 231

2021-04-16T03:15:51+00:00 CRITICAL require(): Failed opening required '/var/www/html/desafio-ecommerce/wp-content/themes/d_ecommerce/inc/init.php' (include_path='.:/usr/share/php') in /var/www/html/desafio-ecommerce/wp-content/themes/d_ecommerce/functions.php on line 231

2021-04-16T03:40:57+00:00 CRITICAL Uncaught Error: Call to undefined function echo_image() in /var/www/html/desafio-ecommerce/wp-content/themes/d_ecommerce/index.php:24
Stack trace:
#0 /var/www/html/desafio-ecommerce/wp-includes/template-loader.php(106): include()
#1 /var/www/html/desafio-ecommerce/wp-blog-header.php(19): require_once('/var/www/html/d...')
#2 /var/www/html/desafio-ecommerce/index.php(17): require('/var/www/html/d...')
#3 {main}
  thrown in /var/www/html/desafio-ecommerce/wp-content/themes/d_ecommerce/index.php on line 24

2021-04-16T03:41:08+00:00 CRITICAL Uncaught Error: Call to undefined function echo_image() in /var/www/html/desafio-ecommerce/wp-content/themes/d_ecommerce/index.php:24
Stack trace:
#0 /var/www/html/desafio-ecommerce/wp-includes/template-loader.php(106): include()
#1 /var/www/html/desafio-ecommerce/wp-blog-header.php(19): require_once('/var/www/html/d...')
#2 /var/www/html/desafio-ecommerce/index.php(17): require('/var/www/html/d...')
#3 {main}
  thrown in /var/www/html/desafio-ecommerce/wp-content/themes/d_ecommerce/index.php on line 24

2021-04-16T12:36:49+00:00 CRITICAL require(): Failed opening required 'inc/class-storefront.php' (include_path='.:/usr/share/php') in /var/www/html/desafio-ecommerce/wp-content/themes/d_ecommerce/functions.php on line 22

2021-04-16T12:38:50+00:00 CRITICAL require(): Failed opening required 'inc/class-storefront.php' (include_path='.:/usr/share/php') in /var/www/html/desafio-ecommerce/wp-content/themes/d_ecommerce/functions.php on line 22

2021-04-16T13:19:35+00:00 CRITICAL syntax error, unexpected end of file in /var/www/html/desafio-ecommerce/wp-content/themes/d_ecommerce/functions.php on line 39

2021-04-16T13:39:15+00:00 CRITICAL syntax error, unexpected '<', expecting end of file in /var/www/html/desafio-ecommerce/wp-content/themes/d_ecommerce/index.php on line 126

2021-04-16T14:46:32+00:00 CRITICAL Uncaught ArgumentCountError: Too few arguments to function _n(), 2 passed in /var/www/html/desafio-ecommerce/wp-content/themes/d_ecommerce/index.php on line 19 and at least 3 expected in /var/www/html/desafio-ecommerce/wp-includes/l10n.php:466
Stack trace:
#0 /var/www/html/desafio-ecommerce/wp-content/themes/d_ecommerce/index.php(19): _n()
#1 /var/www/html/desafio-ecommerce/wp-includes/template-loader.php(106): include('/var/www/html/d...')
#2 /var/www/html/desafio-ecommerce/wp-blog-header.php(19): require_once('/var/www/html/d...')
#3 /var/www/html/desafio-ecommerce/index.php(17): require('/var/www/html/d...')
#4 {main}
  thrown in /var/www/html/desafio-ecommerce/wp-includes/l10n.php on line 466

2021-04-16T14:46:43+00:00 CRITICAL Uncaught ArgumentCountError: Too few arguments to function _n(), 2 passed in /var/www/html/desafio-ecommerce/wp-content/themes/d_ecommerce/index.php on line 19 and at least 3 expected in /var/www/html/desafio-ecommerce/wp-includes/l10n.php:466
Stack trace:
#0 /var/www/html/desafio-ecommerce/wp-content/themes/d_ecommerce/index.php(19): _n()
#1 /var/www/html/desafio-ecommerce/wp-includes/template-loader.php(106): include('/var/www/html/d...')
#2 /var/www/html/desafio-ecommerce/wp-blog-header.php(19): require_once('/var/www/html/d...')
#3 /var/www/html/desafio-ecommerce/index.php(17): require('/var/www/html/d...')
#4 {main}
  thrown in /var/www/html/desafio-ecommerce/wp-includes/l10n.php on line 466

2021-04-16T14:47:20+00:00 CRITICAL syntax error, unexpected ';', expecting ')' in /var/www/html/desafio-ecommerce/wp-content/themes/d_ecommerce/index.php on line 19

